<?xml version="1.0" encoding="UTF-8"?>
<robot generator="Robot 5.0.1 (Python 3.9.13 on win32)" generated="20230112 12:46:57.452" rpa="true" schemaversion="3">
<suite id="s1" name="Tasks" source="c:\Users\bpanthi\Desktop\Robocorp\myFirstRobot\tasks.robot">
<test id="s1-t1" line="17">
<status status="FAIL" starttime="20230112 12:47:01.018" endtime="20230112 12:47:01.029">Task name cannot be empty.</status>
</test>
<doc>Orders robots from RobotSpareBin Industries Inc.
Saves the order HTML receipt as a PDF file.
Saves the screenshot of the ordered robot.
Embeds the screenshot of the robot to the PDF receipt.
Creates ZIP archive of the receipts and the images.</doc>
<status status="FAIL" starttime="20230112 12:46:57.472" endtime="20230112 12:47:01.039"/>
</suite>
<statistics>
<total>
<stat pass="0" fail="1" skip="0">All Tasks</stat>
</total>
<tag>
</tag>
<suite>
<stat pass="0" fail="1" skip="0" id="s1" name="Tasks">Tasks</stat>
</suite>
</statistics>
<errors>
</errors>
</robot>
